Symlinking /home/vipteam/azheng_ws/devel/include/autobots_calibration/CameraStatus.h
Symlinking /home/vipteam/azheng_ws/devel/include/autobots_calibration/CameraExtrinsics.h
Symlinking /home/vipteam/azheng_ws/devel/lib/python3/dist-packages/autobots_calibration/__init__.py
Symlinking /home/vipteam/azheng_ws/devel/lib/python3/dist-packages/autobots_calibration/msg/_CameraStatus.py
Symlinking /home/vipteam/azheng_ws/devel/lib/python3/dist-packages/autobots_calibration/msg/__init__.py
Symlinking /home/vipteam/azheng_ws/devel/lib/python3/dist-packages/autobots_calibration/msg/_CameraExtrinsics.py
Symlinking /home/vipteam/azheng_ws/devel/lib/pkgconfig/autobots_calibration.pc
Symlinking /home/vipteam/azheng_ws/devel/share/autobots_calibration/cmake/autobots_calibrationConfig.cmake
Symlinking /home/vipteam/azheng_ws/devel/share/autobots_calibration/cmake/autobots_calibrationConfig-version.cmake
Symlinking /home/vipteam/azheng_ws/devel/share/autobots_calibration/cmake/autobots_calibration-msg-extras.cmake
Symlinking /home/vipteam/azheng_ws/devel/share/autobots_calibration/cmake/autobots_calibration-msg-paths.cmake
Symlinking /home/vipteam/azheng_ws/devel/share/gennodejs/ros/autobots_calibration/_index.js
Symlinking /home/vipteam/azheng_ws/devel/share/gennodejs/ros/autobots_calibration/msg/_index.js
Symlinking /home/vipteam/azheng_ws/devel/share/gennodejs/ros/autobots_calibration/msg/CameraExtrinsics.js
Symlinking /home/vipteam/azheng_ws/devel/share/gennodejs/ros/autobots_calibration/msg/CameraStatus.js
Symlinking /home/vipteam/azheng_ws/devel/share/roseus/ros/autobots_calibration/manifest.l
Symlinking /home/vipteam/azheng_ws/devel/share/roseus/ros/autobots_calibration/msg/CameraStatus.l
Symlinking /home/vipteam/azheng_ws/devel/share/roseus/ros/autobots_calibration/msg/CameraExtrinsics.l
Symlinking /home/vipteam/azheng_ws/devel/share/common-lisp/ros/autobots_calibration/msg/_package.lisp
Symlinking /home/vipteam/azheng_ws/devel/share/common-lisp/ros/autobots_calibration/msg/_package_CameraExtrinsics.lisp
Symlinking /home/vipteam/azheng_ws/devel/share/common-lisp/ros/autobots_calibration/msg/_package_CameraStatus.lisp
Symlinking /home/vipteam/azheng_ws/devel/share/common-lisp/ros/autobots_calibration/msg/CameraExtrinsics.lisp
Symlinking /home/vipteam/azheng_ws/devel/share/common-lisp/ros/autobots_calibration/msg/CameraStatus.lisp
Symlinking /home/vipteam/azheng_ws/devel/share/common-lisp/ros/autobots_calibration/msg/autobots_calibration-msg.asd
